#! /usr/bin/vvp
:ivl_version "0.9.7 " "(v0_9_7)";
:vpi_time_precision + 0;
:vpi_module "system";
:vpi_module "v2005_math";
:vpi_module "va_math";
S_0x2428150 .scope module, "testbench" "testbench" 2 18;
 .timescale 0 0;
P_0x2439fe8 .param/l "ClockDelay" 2 23, +C4<0101>;
v0x2460120_0 .var "clk", 0 0;
RS_0x7f9e617432b8 .resolv tri, L_0x2460390, L_0x2460670, L_0x2460a50, L_0x2460da0;
v0x24601a0_0 .net8 "q", 3 0, RS_0x7f9e617432b8; 4 drivers
v0x2460250_0 .var "reset", 0 0;
S_0x24390c0 .scope module, "counter_1" "johnsonCounter" 2 25, 2 3, S_0x2428150;
 .timescale 0 0;
v0x245fd70_0 .net "clk", 0 0, v0x2460120_0; 1 drivers
v0x245fea0_0 .alias "q", 3 0, v0x24601a0_0;
RS_0x7f9e617432e8 .resolv tri, L_0x2460430, L_0x2460760, L_0x2460af0, L_0x2460ef0;
v0x245ff40_0 .net8 "qBar", 3 0, RS_0x7f9e617432e8; 4 drivers
v0x245ffe0_0 .net "reset", 0 0, v0x2460250_0; 1 drivers
L_0x2460390 .part/pv v0x245fbd0_0, 0, 1, 4;
L_0x2460430 .part/pv L_0x24602d0, 0, 1, 4;
L_0x2460520 .part RS_0x7f9e617432e8, 3, 1;
L_0x2460670 .part/pv v0x245f7b0_0, 1, 1, 4;
L_0x2460760 .part/pv L_0x2460610, 1, 1, 4;
L_0x2460850 .part RS_0x7f9e617432b8, 0, 1;
L_0x2460a50 .part/pv v0x245f370_0, 2, 1, 4;
L_0x2460af0 .part/pv L_0x24609c0, 2, 1, 4;
L_0x2460c70 .part RS_0x7f9e617432b8, 1, 1;
L_0x2460da0 .part/pv v0x245ef20_0, 3, 1, 4;
L_0x2460ef0 .part/pv L_0x2460d10, 3, 1, 4;
L_0x2460f90 .part RS_0x7f9e617432b8, 2, 1;
S_0x245f9a0 .scope module, "dff1" "DFlipFlop" 2 9, 3 1, S_0x24390c0;
 .timescale 0 0;
L_0x24602d0 .functor NOT 1, v0x245fbd0_0, C4<0>, C4<0>, C4<0>;
v0x245fa90_0 .net "D", 0 0, L_0x2460520; 1 drivers
v0x245fb50_0 .alias "clk", 0 0, v0x245fd70_0;
v0x245fbd0_0 .var "q", 0 0;
v0x245fc70_0 .net "qBar", 0 0, L_0x24602d0; 1 drivers
v0x245fcf0_0 .alias "reset", 0 0, v0x245ffe0_0;
S_0x245f550 .scope module, "dff2" "DFlipFlop" 2 10, 3 1, S_0x24390c0;
 .timescale 0 0;
L_0x2460610 .functor NOT 1, v0x245f7b0_0, C4<0>, C4<0>, C4<0>;
v0x245f640_0 .net "D", 0 0, L_0x2460850; 1 drivers
v0x245f6e0_0 .alias "clk", 0 0, v0x245fd70_0;
v0x245f7b0_0 .var "q", 0 0;
v0x245f850_0 .net "qBar", 0 0, L_0x2460610; 1 drivers
v0x245f8d0_0 .alias "reset", 0 0, v0x245ffe0_0;
S_0x245f110 .scope module, "dff3" "DFlipFlop" 2 11, 3 1, S_0x24390c0;
 .timescale 0 0;
L_0x24609c0 .functor NOT 1, v0x245f370_0, C4<0>, C4<0>, C4<0>;
v0x245f200_0 .net "D", 0 0, L_0x2460c70; 1 drivers
v0x245f2c0_0 .alias "clk", 0 0, v0x245fd70_0;
v0x245f370_0 .var "q", 0 0;
v0x245f3f0_0 .net "qBar", 0 0, L_0x24609c0; 1 drivers
v0x245f4a0_0 .alias "reset", 0 0, v0x245ffe0_0;
S_0x2427240 .scope module, "dff4" "DFlipFlop" 2 12, 3 1, S_0x24390c0;
 .timescale 0 0;
L_0x2460d10 .functor NOT 1, v0x245ef20_0, C4<0>, C4<0>, C4<0>;
v0x2427530_0 .net "D", 0 0, L_0x2460f90; 1 drivers
v0x245ee80_0 .alias "clk", 0 0, v0x245fd70_0;
v0x245ef20_0 .var "q", 0 0;
v0x245efc0_0 .net "qBar", 0 0, L_0x2460d10; 1 drivers
v0x245f070_0 .alias "reset", 0 0, v0x245ffe0_0;
E_0x2427360/0 .event negedge, v0x245f070_0;
E_0x2427360/1 .event posedge, v0x245ee80_0;
E_0x2427360 .event/or E_0x2427360/0, E_0x2427360/1;
    .scope S_0x245f9a0;
T_0 ;
    %wait E_0x2427360;
    %load/v 8, v0x245fcf0_0, 1;
    %inv 8, 1;
    %jmp/0xz  T_0.0, 8;
    %set/v v0x245fbd0_0, 0, 1;
    %jmp T_0.1;
T_0.0 ;
    %load/v 8, v0x245fa90_0, 1;
    %set/v v0x245fbd0_0, 8, 1;
T_0.1 ;
    %jmp T_0;
    .thread T_0;
    .scope S_0x245f550;
T_1 ;
    %wait E_0x2427360;
    %load/v 8, v0x245f8d0_0, 1;
    %inv 8, 1;
    %jmp/0xz  T_1.0, 8;
    %set/v v0x245f7b0_0, 0, 1;
    %jmp T_1.1;
T_1.0 ;
    %load/v 8, v0x245f640_0, 1;
    %set/v v0x245f7b0_0, 8, 1;
T_1.1 ;
    %jmp T_1;
    .thread T_1;
    .scope S_0x245f110;
T_2 ;
    %wait E_0x2427360;
    %load/v 8, v0x245f4a0_0, 1;
    %inv 8, 1;
    %jmp/0xz  T_2.0, 8;
    %set/v v0x245f370_0, 0, 1;
    %jmp T_2.1;
T_2.0 ;
    %load/v 8, v0x245f200_0, 1;
    %set/v v0x245f370_0, 8, 1;
T_2.1 ;
    %jmp T_2;
    .thread T_2;
    .scope S_0x2427240;
T_3 ;
    %wait E_0x2427360;
    %load/v 8, v0x245f070_0, 1;
    %inv 8, 1;
    %jmp/0xz  T_3.0, 8;
    %set/v v0x245ef20_0, 0, 1;
    %jmp T_3.1;
T_3.0 ;
    %load/v 8, v0x2427530_0, 1;
    %set/v v0x245ef20_0, 8, 1;
T_3.1 ;
    %jmp T_3;
    .thread T_3;
    .scope S_0x2428150;
T_4 ;
    %ix/load 0, 1, 0;
    %assign/v0 v0x2460120_0, 0, 0;
T_4.0 ;
    %delay 2, 0;
    %load/v 8, v0x2460120_0, 1;
    %inv 8, 1;
    %ix/load 0, 1, 0;
    %assign/v0 v0x2460120_0, 0, 8;
    %jmp T_4.0;
    %end;
    .thread T_4;
    .scope S_0x2428150;
T_5 ;
    %vpi_call 2 34 "$dumpfile", "johnsonCounter.vcd";
    %vpi_call 2 35 "$dumpvars", 2'sb01, S_0x2428150;
    %set/v v0x2460250_0, 0, 1;
    %delay 7, 0;
    %set/v v0x2460250_0, 1, 1;
    %delay 65, 0;
    %set/v v0x2460250_0, 0, 1;
    %delay 7, 0;
    %set/v v0x2460250_0, 1, 1;
    %delay 100, 0;
    %vpi_call 2 44 "$finish";
    %end;
    .thread T_5;
# The file index is used to find the file name in the following table.
:file_names 4;
    "N/A";
    "<interactive>";
    "johnsonCounter.v";
    "./DFlipFlop.v";
